This file contains any messages produced by compilers while
running configure, to aid debugging if configure makes a mistake.

It was created by cava configure 0.6.1, which was
generated by GNU Autoconf 2.69.  Invocation command line was

  $ ./configure 

## --------- ##
## Platform. ##
## --------- ##

hostname = harrisonmac
uname -m = x86_64
uname -r = 4.15.0-76-generic
uname -s = Linux
uname -v = #86-Ubuntu SMP Fri Jan 17 17:24:28 UTC 2020

/usr/bin/uname -p = unknown
/bin/uname -X     = unknown

/bin/arch              = unknown
/usr/bin/arch -k       = unknown
/usr/convex/getsysinfo = unknown
/usr/bin/hostinfo      = unknown
/bin/machine           = unknown
/usr/bin/oslevel       = unknown
/bin/universe          = unknown

PATH: /home/harrison/.nvm/versions/node/v10.6.0/bin
PATH: /home/harrison/bin
PATH: /home/harrison/.local/bin
PATH: /usr/local/sbin
PATH: /usr/local/bin
PATH: /usr/sbin
PATH: /usr/bin
PATH: /sbin
PATH: /bin
PATH: /usr/games
PATH: /usr/local/games
PATH: /snap/bin
PATH: /home/harrison/.local/qemu//bin
PATH: /home/harrison/.local/gnu-riscv//bin


## ----------- ##
## Core tests. ##
## ----------- ##

configure:2324: checking for a BSD-compatible install
configure:2392: result: /usr/bin/install -c
configure:2403: checking whether build environment is sane
configure:2458: result: yes
configure:2609: checking for a thread-safe mkdir -p
configure:2648: result: /bin/mkdir -p
configure:2655: checking for gawk
configure:2671: found /usr/bin/gawk
configure:2682: result: gawk
configure:2693: checking whether make sets $(MAKE)
configure:2715: result: yes
configure:2744: checking whether make supports nested variables
configure:2761: result: yes
configure:2899: checking for style of include used by make
configure:2927: result: GNU
configure:2998: checking for gcc
configure:3014: found /usr/bin/gcc
configure:3025: result: gcc
configure:3254: checking for C compiler version
configure:3263: gcc --version >&5
gcc (Ubuntu 7.4.0-1ubuntu1~18.04.1) 7.4.0
Copyright (C) 2017 Free Software Foundation, Inc.
This is free software; see the source for copying conditions.  There is NO
warranty; not even for MERCHANTABILITY or FITNESS FOR A PARTICULAR PURPOSE.

configure:3274: $? = 0
configure:3263: gcc -v >&5
Using built-in specs.
COLLECT_GCC=gcc
COLLECT_LTO_WRAPPER=/usr/lib/gcc/x86_64-linux-gnu/7/lto-wrapper
OFFLOAD_TARGET_NAMES=nvptx-none
OFFLOAD_TARGET_DEFAULT=1
Target: x86_64-linux-gnu
Configured with: ../src/configure -v --with-pkgversion='Ubuntu 7.4.0-1ubuntu1~18.04.1' --with-bugurl=file:///usr/share/doc/gcc-7/README.Bugs --enable-languages=c,ada,c++,go,brig,d,fortran,objc,obj-c++ --prefix=/usr --with-gcc-major-version-only --program-suffix=-7 --program-prefix=x86_64-linux-gnu- --enable-shared --enable-linker-build-id --libexecdir=/usr/lib --without-included-gettext --enable-threads=posix --libdir=/usr/lib --enable-nls --with-sysroot=/ --enable-clocale=gnu --enable-libstdcxx-debug --enable-libstdcxx-time=yes --with-default-libstdcxx-abi=new --enable-gnu-unique-object --disable-vtable-verify --enable-libmpx --enable-plugin --enable-default-pie --with-system-zlib --with-target-system-zlib --enable-objc-gc=auto --enable-multiarch --disable-werror --with-arch-32=i686 --with-abi=m64 --with-multilib-list=m32,m64,mx32 --enable-multilib --with-tune=generic --enable-offload-targets=nvptx-none --without-cuda-driver --enable-checking=release --build=x86_64-linux-gnu --host=x86_64-linux-gnu --target=x86_64-linux-gnu
Thread model: posix
gcc version 7.4.0 (Ubuntu 7.4.0-1ubuntu1~18.04.1) 
configure:3274: $? = 0
configure:3263: gcc -V >&5
gcc: error: unrecognized command line option '-V'
gcc: fatal error: no input files
compilation terminated.
configure:3274: $? = 1
configure:3263: gcc -qversion >&5
gcc: error: unrecognized command line option '-qversion'; did you mean '--version'?
gcc: fatal error: no input files
compilation terminated.
configure:3274: $? = 1
configure:3294: checking whether the C compiler works
configure:3316: gcc    conftest.c  >&5
configure:3320: $? = 0
configure:3368: result: yes
configure:3371: checking for C compiler default output file name
configure:3373: result: a.out
configure:3379: checking for suffix of executables
configure:3386: gcc -o conftest    conftest.c  >&5
configure:3390: $? = 0
configure:3412: result: 
configure:3434: checking whether we are cross compiling
configure:3442: gcc -o conftest    conftest.c  >&5
configure:3446: $? = 0
configure:3453: ./conftest
configure:3457: $? = 0
configure:3472: result: no
configure:3477: checking for suffix of object files
configure:3499: gcc -c   conftest.c >&5
configure:3503: $? = 0
configure:3524: result: o
configure:3528: checking whether we are using the GNU C compiler
configure:3547: gcc -c   conftest.c >&5
configure:3547: $? = 0
configure:3556: result: yes
configure:3565: checking whether gcc accepts -g
configure:3585: gcc -c -g  conftest.c >&5
configure:3585: $? = 0
configure:3626: result: yes
configure:3643: checking for gcc option to accept ISO C89
configure:3706: gcc  -c -g -O2  conftest.c >&5
configure:3706: $? = 0
configure:3719: result: none needed
configure:3744: checking whether gcc understands -c and -o together
configure:3766: gcc -c conftest.c -o conftest2.o
configure:3769: $? = 0
configure:3766: gcc -c conftest.c -o conftest2.o
configure:3769: $? = 0
configure:3781: result: yes
configure:3800: checking dependency style of gcc
configure:3911: result: gcc3
configure:3976: checking for ar
configure:3992: found /usr/bin/ar
configure:4003: result: ar
configure:4029: checking the archiver (ar) interface
configure:4045: gcc -c -g -O2  conftest.c >&5
configure:4045: $? = 0
configure:4047: ar cru libconftest.a conftest.o >&5
ar: `u' modifier ignored since `D' is the default (see `U')
configure:4050: $? = 0
configure:4078: result: ar
configure:4127: checking build system type
configure:4141: result: x86_64-pc-linux-gnu
configure:4161: checking host system type
configure:4174: result: x86_64-pc-linux-gnu
configure:4215: checking how to print strings
configure:4242: result: printf
configure:4263: checking for a sed that does not truncate output
configure:4327: result: /bin/sed
configure:4345: checking for grep that handles long lines and -e
configure:4403: result: /bin/grep
configure:4408: checking for egrep
configure:4470: result: /bin/grep -E
configure:4475: checking for fgrep
configure:4537: result: /bin/grep -F
configure:4572: checking for ld used by gcc
configure:4639: result: /usr/bin/ld
configure:4646: checking if the linker (/usr/bin/ld) is GNU ld
configure:4661: result: yes
configure:4673: checking for BSD- or MS-compatible name lister (nm)
configure:4727: result: /usr/bin/nm -B
configure:4857: checking the name lister (/usr/bin/nm -B) interface
configure:4864: gcc -c -g -O2  conftest.c >&5
configure:4867: /usr/bin/nm -B "conftest.o"
configure:4870: output
0000000000000000 B some_variable
configure:4877: result: BSD nm
configure:4880: checking whether ln -s works
configure:4884: result: yes
configure:4892: checking the maximum length of command line arguments
configure:5023: result: 1572864
configure:5071: checking how to convert x86_64-pc-linux-gnu file names to x86_64-pc-linux-gnu format
configure:5111: result: func_convert_file_noop
configure:5118: checking how to convert x86_64-pc-linux-gnu file names to toolchain format
configure:5138: result: func_convert_file_noop
configure:5145: checking for /usr/bin/ld option to reload object files
configure:5152: result: -r
configure:5226: checking for objdump
configure:5242: found /usr/bin/objdump
configure:5253: result: objdump
configure:5285: checking how to recognize dependent libraries
configure:5485: result: pass_all
configure:5570: checking for dlltool
configure:5600: result: no
configure:5630: checking how to associate runtime and link libraries
configure:5657: result: printf %s\n
configure:5781: checking for archiver @FILE support
configure:5798: gcc -c -g -O2  conftest.c >&5
configure:5798: $? = 0
configure:5801: ar cru libconftest.a @conftest.lst >&5
ar: `u' modifier ignored since `D' is the default (see `U')
configure:5804: $? = 0
configure:5809: ar cru libconftest.a @conftest.lst >&5
ar: `u' modifier ignored since `D' is the default (see `U')
ar: conftest.o: No such file or directory
configure:5812: $? = 1
configure:5824: result: @
configure:5882: checking for strip
configure:5898: found /usr/bin/strip
configure:5909: result: strip
configure:5981: checking for ranlib
configure:5997: found /usr/bin/ranlib
configure:6008: result: ranlib
configure:6110: checking command to parse /usr/bin/nm -B output from gcc object
configure:6263: gcc -c -g -O2  conftest.c >&5
configure:6266: $? = 0
configure:6270: /usr/bin/nm -B conftest.o \| sed -n -e 's/^.*[ ]\([ABCDGIRSTW][ABCDGIRSTW]*\)[ ][ ]*\([_A-Za-z][_A-Za-z0-9]*\)$/\1 \2 \2/p' | sed '/ __gnu_lto/d' \> conftest.nm
configure:6273: $? = 0
configure:6339: gcc -o conftest -g -O2   conftest.c conftstm.o >&5
configure:6342: $? = 0
configure:6380: result: ok
configure:6427: checking for sysroot
configure:6457: result: no
configure:6464: checking for a working dd
configure:6502: result: /bin/dd
configure:6506: checking how to truncate binary pipes
configure:6521: result: /bin/dd bs=4096 count=1
configure:6657: gcc -c -g -O2  conftest.c >&5
configure:6660: $? = 0
configure:6850: checking for mt
configure:6866: found /bin/mt
configure:6877: result: mt
configure:6900: checking if mt is a manifest tool
configure:6906: mt '-?'
configure:6914: result: no
configure:7591: checking how to run the C preprocessor
configure:7622: gcc -E  conftest.c
configure:7622: $? = 0
configure:7636: gcc -E  conftest.c
conftest.c:11:10: fatal error: ac_nonexistent.h: No such file or directory
 #include <ac_nonexistent.h>
          ^~~~~~~~~~~~~~~~~~
compilation terminated.
configure:7636: $? = 1
configure: failed program was:
| /* confdefs.h */
| #define PACKAGE_NAME "cava"
| #define PACKAGE_TARNAME "cava"
| #define PACKAGE_VERSION "0.6.1"
| #define PACKAGE_STRING "cava 0.6.1"
| #define PACKAGE_BUGREPORT "karl@stavestrand.no"
| #define PACKAGE_URL ""
| #define PACKAGE "cava"
| #define VERSION "0.6.1"
| /* end confdefs.h.  */
| #include <ac_nonexistent.h>
configure:7661: result: gcc -E
configure:7681: gcc -E  conftest.c
configure:7681: $? = 0
configure:7695: gcc -E  conftest.c
conftest.c:11:10: fatal error: ac_nonexistent.h: No such file or directory
 #include <ac_nonexistent.h>
          ^~~~~~~~~~~~~~~~~~
compilation terminated.
configure:7695: $? = 1
configure: failed program was:
| /* confdefs.h */
| #define PACKAGE_NAME "cava"
| #define PACKAGE_TARNAME "cava"
| #define PACKAGE_VERSION "0.6.1"
| #define PACKAGE_STRING "cava 0.6.1"
| #define PACKAGE_BUGREPORT "karl@stavestrand.no"
| #define PACKAGE_URL ""
| #define PACKAGE "cava"
| #define VERSION "0.6.1"
| /* end confdefs.h.  */
| #include <ac_nonexistent.h>
configure:7724: checking for ANSI C header files
configure:7744: gcc -c -g -O2  conftest.c >&5
configure:7744: $? = 0
configure:7817: gcc -o conftest -g -O2   conftest.c  >&5
configure:7817: $? = 0
configure:7817: ./conftest
configure:7817: $? = 0
configure:7828: result: yes
configure:7841: checking for sys/types.h
configure:7841: gcc -c -g -O2  conftest.c >&5
configure:7841: $? = 0
configure:7841: result: yes
configure:7841: checking for sys/stat.h
configure:7841: gcc -c -g -O2  conftest.c >&5
configure:7841: $? = 0
configure:7841: result: yes
configure:7841: checking for stdlib.h
configure:7841: gcc -c -g -O2  conftest.c >&5
configure:7841: $? = 0
configure:7841: result: yes
configure:7841: checking for string.h
configure:7841: gcc -c -g -O2  conftest.c >&5
configure:7841: $? = 0
configure:7841: result: yes
configure:7841: checking for memory.h
configure:7841: gcc -c -g -O2  conftest.c >&5
configure:7841: $? = 0
configure:7841: result: yes
configure:7841: checking for strings.h
configure:7841: gcc -c -g -O2  conftest.c >&5
configure:7841: $? = 0
configure:7841: result: yes
configure:7841: checking for inttypes.h
configure:7841: gcc -c -g -O2  conftest.c >&5
configure:7841: $? = 0
configure:7841: result: yes
configure:7841: checking for stdint.h
configure:7841: gcc -c -g -O2  conftest.c >&5
configure:7841: $? = 0
configure:7841: result: yes
configure:7841: checking for unistd.h
configure:7841: gcc -c -g -O2  conftest.c >&5
configure:7841: $? = 0
configure:7841: result: yes
configure:7855: checking for dlfcn.h
configure:7855: gcc -c -g -O2  conftest.c >&5
configure:7855: $? = 0
configure:7855: result: yes
configure:8111: checking for objdir
configure:8126: result: .libs
configure:8386: checking if gcc supports -fno-rtti -fno-exceptions
configure:8404: gcc -c -g -O2  -fno-rtti -fno-exceptions conftest.c >&5
cc1: warning: command line option '-fno-rtti' is valid for C++/ObjC++ but not for C
configure:8408: $? = 0
configure:8421: result: no
configure:8779: checking for gcc option to produce PIC
configure:8786: result: -fPIC -DPIC
configure:8794: checking if gcc PIC flag -fPIC -DPIC works
configure:8812: gcc -c -g -O2  -fPIC -DPIC -DPIC conftest.c >&5
configure:8816: $? = 0
configure:8829: result: yes
configure:8858: checking if gcc static flag -static works
configure:8886: result: yes
configure:8901: checking if gcc supports -c -o file.o
configure:8922: gcc -c -g -O2  -o out/conftest2.o conftest.c >&5
configure:8926: $? = 0
configure:8948: result: yes
configure:8956: checking if gcc supports -c -o file.o
configure:9003: result: yes
configure:9036: checking whether the gcc linker (/usr/bin/ld -m elf_x86_64) supports shared libraries
configure:10299: result: yes
configure:10336: checking whether -lc should be explicitly linked in
configure:10344: gcc -c -g -O2  conftest.c >&5
configure:10347: $? = 0
configure:10362: gcc -shared  -fPIC -DPIC conftest.o  -v -Wl,-soname -Wl,conftest -o conftest 2\>\&1 \| /bin/grep  -lc  \>/dev/null 2\>\&1
configure:10365: $? = 0
configure:10379: result: no
configure:10539: checking dynamic linker characteristics
configure:11120: gcc -o conftest -g -O2   -Wl,-rpath -Wl,/foo conftest.c  >&5
configure:11120: $? = 0
configure:11369: result: GNU/Linux ld.so
configure:11491: checking how to hardcode library paths into programs
configure:11516: result: immediate
configure:12064: checking whether stripping libraries is possible
configure:12069: result: yes
configure:12104: checking if libtool supports shared libraries
configure:12106: result: yes
configure:12109: checking whether to build shared libraries
configure:12134: result: yes
configure:12137: checking whether to build static libraries
configure:12141: result: yes
configure:12226: checking for gcc
configure:12253: result: gcc
configure:12482: checking for C compiler version
configure:12491: gcc --version >&5
gcc (Ubuntu 7.4.0-1ubuntu1~18.04.1) 7.4.0
Copyright (C) 2017 Free Software Foundation, Inc.
This is free software; see the source for copying conditions.  There is NO
warranty; not even for MERCHANTABILITY or FITNESS FOR A PARTICULAR PURPOSE.

configure:12502: $? = 0
configure:12491: gcc -v >&5
Using built-in specs.
COLLECT_GCC=gcc
COLLECT_LTO_WRAPPER=/usr/lib/gcc/x86_64-linux-gnu/7/lto-wrapper
OFFLOAD_TARGET_NAMES=nvptx-none
OFFLOAD_TARGET_DEFAULT=1
Target: x86_64-linux-gnu
Configured with: ../src/configure -v --with-pkgversion='Ubuntu 7.4.0-1ubuntu1~18.04.1' --with-bugurl=file:///usr/share/doc/gcc-7/README.Bugs --enable-languages=c,ada,c++,go,brig,d,fortran,objc,obj-c++ --prefix=/usr --with-gcc-major-version-only --program-suffix=-7 --program-prefix=x86_64-linux-gnu- --enable-shared --enable-linker-build-id --libexecdir=/usr/lib --without-included-gettext --enable-threads=posix --libdir=/usr/lib --enable-nls --with-sysroot=/ --enable-clocale=gnu --enable-libstdcxx-debug --enable-libstdcxx-time=yes --with-default-libstdcxx-abi=new --enable-gnu-unique-object --disable-vtable-verify --enable-libmpx --enable-plugin --enable-default-pie --with-system-zlib --with-target-system-zlib --enable-objc-gc=auto --enable-multiarch --disable-werror --with-arch-32=i686 --with-abi=m64 --with-multilib-list=m32,m64,mx32 --enable-multilib --with-tune=generic --enable-offload-targets=nvptx-none --without-cuda-driver --enable-checking=release --build=x86_64-linux-gnu --host=x86_64-linux-gnu --target=x86_64-linux-gnu
Thread model: posix
gcc version 7.4.0 (Ubuntu 7.4.0-1ubuntu1~18.04.1) 
configure:12502: $? = 0
configure:12491: gcc -V >&5
gcc: error: unrecognized command line option '-V'
gcc: fatal error: no input files
compilation terminated.
configure:12502: $? = 1
configure:12491: gcc -qversion >&5
gcc: error: unrecognized command line option '-qversion'; did you mean '--version'?
gcc: fatal error: no input files
compilation terminated.
configure:12502: $? = 1
configure:12506: checking whether we are using the GNU C compiler
configure:12534: result: yes
configure:12543: checking whether gcc accepts -g
configure:12604: result: yes
configure:12621: checking for gcc option to accept ISO C89
configure:12697: result: none needed
configure:12722: checking whether gcc understands -c and -o together
configure:12759: result: yes
configure:12778: checking dependency style of gcc
configure:12889: result: gcc3
configure:12908: checking for gcc option to accept ISO C99
configure:13057: gcc  -c -g -O2  conftest.c >&5
configure:13057: $? = 0
configure:13070: result: none needed
configure:13178: checking for gcc option to accept ISO Standard C
configure:13189: result: none needed
configure:13256: checking pthread.h usability
configure:13256: gcc -c -g -O2  -DNDEBUG conftest.c >&5
configure:13256: $? = 0
configure:13256: result: yes
configure:13256: checking pthread.h presence
configure:13256: gcc -E  -DNDEBUG conftest.c
configure:13256: $? = 0
configure:13256: result: yes
configure:13256: checking for pthread.h
configure:13256: result: yes
configure:13261: checking for pthread_create in -lpthread
configure:13286: gcc -o conftest -g -O2  -DNDEBUG  conftest.c -lpthread   >&5
configure:13286: $? = 0
configure:13295: result: yes
configure:13313: checking alloca.h usability
configure:13313: gcc -c -g -O2  -DNDEBUG conftest.c >&5
configure:13313: $? = 0
configure:13313: result: yes
configure:13313: checking alloca.h presence
configure:13313: gcc -E  -DNDEBUG conftest.c
configure:13313: $? = 0
configure:13313: result: yes
configure:13313: checking for alloca.h
configure:13313: result: yes
configure:13328: checking for snd_pcm_open in -lasound
configure:13353: gcc -o conftest -g -O2  -DNDEBUG -DHAVE_ALLOCA_H  conftest.c -lasound   -lpthread >&5
configure:13353: $? = 0
configure:13362: result: yes
configure:13401: checking for pa_simple_new in -lpulse-simple
configure:13426: gcc -o conftest -g -O2  -DNDEBUG -DHAVE_ALLOCA_H -DALSA  conftest.c -lpulse-simple   -lpthread -lasound >&5
configure:13426: $? = 0
configure:13435: result: yes
configure:13474: checking for Pa_Initialize in -lportaudio
configure:13499: gcc -o conftest -g -O2  -DNDEBUG -DHAVE_ALLOCA_H -DALSA -DPULSE  conftest.c -lportaudio   -lpthread -lasound -lpulse-simple -lpulse >&5
configure:13499: $? = 0
configure:13508: result: yes
configure:13547: checking for sio_open in -lsndio
configure:13572: gcc -o conftest -g -O2  -DNDEBUG -DHAVE_ALLOCA_H -DALSA -DPULSE -DPORTAUDIO  conftest.c -lsndio   -lpthread -lasound -lpulse-simple -lpulse -lportaudio >&5
/usr/bin/ld: cannot find -lsndio
collect2: error: ld returned 1 exit status
configure:13572: $? = 1
configure: failed program was:
| /* confdefs.h */
| #define PACKAGE_NAME "cava"
| #define PACKAGE_TARNAME "cava"
| #define PACKAGE_VERSION "0.6.1"
| #define PACKAGE_STRING "cava 0.6.1"
| #define PACKAGE_BUGREPORT "karl@stavestrand.no"
| #define PACKAGE_URL ""
| #define PACKAGE "cava"
| #define VERSION "0.6.1"
| #define STDC_HEADERS 1
| #define HAVE_SYS_TYPES_H 1
| #define HAVE_SYS_STAT_H 1
| #define HAVE_STDLIB_H 1
| #define HAVE_STRING_H 1
| #define HAVE_MEMORY_H 1
| #define HAVE_STRINGS_H 1
| #define HAVE_INTTYPES_H 1
| #define HAVE_STDINT_H 1
| #define HAVE_UNISTD_H 1
| #define HAVE_DLFCN_H 1
| #define LT_OBJDIR ".libs/"
| #define HAVE_PTHREAD_H 1
| /* end confdefs.h.  */
| 
| /* Override any GCC internal prototype to avoid an error.
|    Use char because int might match the return type of a GCC
|    builtin and then its argument prototype would still apply.  */
| #ifdef __cplusplus
| extern "C"
| #endif
| char sio_open ();
| int
| main ()
| {
| return sio_open ();
|   ;
|   return 0;
| }
configure:13581: result: no
configure:13595: WARNING: No sndio dev files found building without sndio support
configure:13612: checking for sqrt in -lm
configure:13637: gcc -o conftest -g -O2  -DNDEBUG -DHAVE_ALLOCA_H -DALSA -DPULSE -DPORTAUDIO  conftest.c -lm   -lpthread -lasound -lpulse-simple -lpulse -lportaudio >&5
conftest.c:31:6: warning: conflicting types for built-in function 'sqrt' [-Wbuiltin-declaration-mismatch]
 char sqrt ();
      ^~~~
configure:13637: $? = 0
configure:13646: result: yes
configure:13663: checking for fftw_execute in -lfftw3
configure:13688: gcc -o conftest -g -O2  -DNDEBUG -DHAVE_ALLOCA_H -DALSA -DPULSE -DPORTAUDIO  conftest.c -lfftw3   -lpthread -lasound -lpulse-simple -lpulse -lportaudio -lm >&5
configure:13688: $? = 0
configure:13697: result: yes
configure:13727: checking for ncursesw6-config
configure:13760: result: no
configure:13727: checking for ncursesw5-config
configure:13745: found /usr/bin/ncursesw5-config
configure:13757: result: /usr/bin/ncursesw5-config
configure:13769: checking for initscr in -lncursesw
configure:13794: gcc -o conftest -g -O2  -DNDEBUG -DHAVE_ALLOCA_H -DALSA -DPULSE -DPORTAUDIO  conftest.c -lncursesw   -lpthread -lasound -lpulse-simple -lpulse -lportaudio -lm -lfftw3 >&5
configure:13794: $? = 0
configure:13803: result: yes
configure:13812: checking for initscr in -lncursesw
configure:13837: gcc -o conftest -g -O2  -DNDEBUG -DHAVE_ALLOCA_H -DALSA -DPULSE -DPORTAUDIO  conftest.c -lncursesw   -lpthread -lasound -lpulse-simple -lpulse -lportaudio -lm -lfftw3 >&5
configure:13837: $? = 0
configure:13847: result: yes
configure:13861: checking curses.h usability
configure:13861: gcc -c -g -O2  -DNDEBUG -DHAVE_ALLOCA_H -DALSA -DPULSE -DPORTAUDIO -D_GNU_SOURCE -D_DEFAULT_SOURCE -I/usr/include/ncursesw -DNCURSES conftest.c >&5
configure:13861: $? = 0
configure:13861: result: yes
configure:13861: checking curses.h presence
configure:13861: gcc -E  -DNDEBUG -DHAVE_ALLOCA_H -DALSA -DPULSE -DPORTAUDIO -D_GNU_SOURCE -D_DEFAULT_SOURCE -I/usr/include/ncursesw -DNCURSES conftest.c
configure:13861: $? = 0
configure:13861: result: yes
configure:13861: checking for curses.h
configure:13861: result: yes
configure:13905: checking for library containing iniparser_load
configure:13936: gcc -o conftest -g -O2  -DNDEBUG -DHAVE_ALLOCA_H -DALSA -DPULSE -DPORTAUDIO -D_GNU_SOURCE -D_DEFAULT_SOURCE -I/usr/include/ncursesw -DNCURSES  conftest.c  -lpthread -lasound -lpulse-simple -lpulse -lportaudio -lm -lfftw3 -lncursesw -ltinfo >&5
/tmp/ccd4prm9.o: In function `main':
/home/harrison/config/cava/conftest.c:36: undefined reference to `iniparser_load'
collect2: error: ld returned 1 exit status
configure:13936: $? = 1
configure: failed program was:
| /* confdefs.h */
| #define PACKAGE_NAME "cava"
| #define PACKAGE_TARNAME "cava"
| #define PACKAGE_VERSION "0.6.1"
| #define PACKAGE_STRING "cava 0.6.1"
| #define PACKAGE_BUGREPORT "karl@stavestrand.no"
| #define PACKAGE_URL ""
| #define PACKAGE "cava"
| #define VERSION "0.6.1"
| #define STDC_HEADERS 1
| #define HAVE_SYS_TYPES_H 1
| #define HAVE_SYS_STAT_H 1
| #define HAVE_STDLIB_H 1
| #define HAVE_STRING_H 1
| #define HAVE_MEMORY_H 1
| #define HAVE_STRINGS_H 1
| #define HAVE_INTTYPES_H 1
| #define HAVE_STDINT_H 1
| #define HAVE_UNISTD_H 1
| #define HAVE_DLFCN_H 1
| #define LT_OBJDIR ".libs/"
| #define HAVE_PTHREAD_H 1
| #define HAVE_CURSES_H 1
| /* end confdefs.h.  */
| 
| /* Override any GCC internal prototype to avoid an error.
|    Use char because int might match the return type of a GCC
|    builtin and then its argument prototype would still apply.  */
| #ifdef __cplusplus
| extern "C"
| #endif
| char iniparser_load ();
| int
| main ()
| {
| return iniparser_load ();
|   ;
|   return 0;
| }
configure:13936: gcc -o conftest -g -O2  -DNDEBUG -DHAVE_ALLOCA_H -DALSA -DPULSE -DPORTAUDIO -D_GNU_SOURCE -D_DEFAULT_SOURCE -I/usr/include/ncursesw -DNCURSES  conftest.c -liniparser   -lpthread -lasound -lpulse-simple -lpulse -lportaudio -lm -lfftw3 -lncursesw -ltinfo >&5
/usr/bin/ld: cannot find -liniparser
collect2: error: ld returned 1 exit status
configure:13936: $? = 1
configure: failed program was:
| /* confdefs.h */
| #define PACKAGE_NAME "cava"
| #define PACKAGE_TARNAME "cava"
| #define PACKAGE_VERSION "0.6.1"
| #define PACKAGE_STRING "cava 0.6.1"
| #define PACKAGE_BUGREPORT "karl@stavestrand.no"
| #define PACKAGE_URL ""
| #define PACKAGE "cava"
| #define VERSION "0.6.1"
| #define STDC_HEADERS 1
| #define HAVE_SYS_TYPES_H 1
| #define HAVE_SYS_STAT_H 1
| #define HAVE_STDLIB_H 1
| #define HAVE_STRING_H 1
| #define HAVE_MEMORY_H 1
| #define HAVE_STRINGS_H 1
| #define HAVE_INTTYPES_H 1
| #define HAVE_STDINT_H 1
| #define HAVE_UNISTD_H 1
| #define HAVE_DLFCN_H 1
| #define LT_OBJDIR ".libs/"
| #define HAVE_PTHREAD_H 1
| #define HAVE_CURSES_H 1
| /* end confdefs.h.  */
| 
| /* Override any GCC internal prototype to avoid an error.
|    Use char because int might match the return type of a GCC
|    builtin and then its argument prototype would still apply.  */
| #ifdef __cplusplus
| extern "C"
| #endif
| char iniparser_load ();
| int
| main ()
| {
| return iniparser_load ();
|   ;
|   return 0;
| }
configure:13953: result: no
configure:14023: Building iniparser
configure:14040: Checking OS
configure:14045: Linux detected
configure:14225: checking that generated files are newer than configure
configure:14231: result: done
configure:14290: creating ./config.status

## ---------------------- ##
## Running config.status. ##
## ---------------------- ##

This file was extended by cava config.status 0.6.1, which was
generated by GNU Autoconf 2.69.  Invocation command line was

  CONFIG_FILES    = 
  CONFIG_HEADERS  = 
  CONFIG_LINKS    = 
  CONFIG_COMMANDS = 
  $ ./config.status 

on harrisonmac

config.status:1027: creating iniparser/Makefile
config.status:1027: creating Makefile
config.status:1199: executing depfiles commands
config.status:1199: executing libtool commands

## ---------------- ##
## Cache variables. ##
## ---------------- ##

ac_cv_build=x86_64-pc-linux-gnu
ac_cv_c_compiler_gnu=yes
ac_cv_env_CC_set=
ac_cv_env_CC_value=
ac_cv_env_CFLAGS_set=
ac_cv_env_CFLAGS_value=
ac_cv_env_CPPFLAGS_set=
ac_cv_env_CPPFLAGS_value=
ac_cv_env_CPP_set=
ac_cv_env_CPP_value=
ac_cv_env_FONT_DIR_set=
ac_cv_env_FONT_DIR_value=
ac_cv_env_LDFLAGS_set=
ac_cv_env_LDFLAGS_value=
ac_cv_env_LIBS_set=
ac_cv_env_LIBS_value=
ac_cv_env_LT_SYS_LIBRARY_PATH_set=
ac_cv_env_LT_SYS_LIBRARY_PATH_value=
ac_cv_env_build_alias_set=
ac_cv_env_build_alias_value=
ac_cv_env_host_alias_set=
ac_cv_env_host_alias_value=
ac_cv_env_target_alias_set=
ac_cv_env_target_alias_value=
ac_cv_header_alloca_h=yes
ac_cv_header_curses_h=yes
ac_cv_header_dlfcn_h=yes
ac_cv_header_inttypes_h=yes
ac_cv_header_memory_h=yes
ac_cv_header_pthread_h=yes
ac_cv_header_stdc=yes
ac_cv_header_stdint_h=yes
ac_cv_header_stdlib_h=yes
ac_cv_header_string_h=yes
ac_cv_header_strings_h=yes
ac_cv_header_sys_stat_h=yes
ac_cv_header_sys_types_h=yes
ac_cv_header_unistd_h=yes
ac_cv_host=x86_64-pc-linux-gnu
ac_cv_lib_asound_snd_pcm_open=yes
ac_cv_lib_fftw3_fftw_execute=yes
ac_cv_lib_m_sqrt=yes
ac_cv_lib_ncursesw___initscr=yes
ac_cv_lib_ncursesw_initscr=yes
ac_cv_lib_portaudio_Pa_Initialize=yes
ac_cv_lib_pthread_pthread_create=yes
ac_cv_lib_pulse_simple_pa_simple_new=yes
ac_cv_lib_sndio_sio_open=no
ac_cv_objext=o
ac_cv_path_CURSES_CONFIG=/usr/bin/ncursesw5-config
ac_cv_path_EGREP='/bin/grep -E'
ac_cv_path_FGREP='/bin/grep -F'
ac_cv_path_GREP=/bin/grep
ac_cv_path_SED=/bin/sed
ac_cv_path_install='/usr/bin/install -c'
ac_cv_path_lt_DD=/bin/dd
ac_cv_path_mkdir=/bin/mkdir
ac_cv_prog_AWK=gawk
ac_cv_prog_CPP='gcc -E'
ac_cv_prog_ac_ct_AR=ar
ac_cv_prog_ac_ct_CC=gcc
ac_cv_prog_ac_ct_MANIFEST_TOOL=mt
ac_cv_prog_ac_ct_OBJDUMP=objdump
ac_cv_prog_ac_ct_RANLIB=ranlib
ac_cv_prog_ac_ct_STRIP=strip
ac_cv_prog_cc_c89=
ac_cv_prog_cc_c99=
ac_cv_prog_cc_g=yes
ac_cv_prog_cc_stdc=
ac_cv_prog_make_make_set=yes
ac_cv_search_iniparser_load=no
am_cv_CC_dependencies_compiler_type=gcc3
am_cv_ar_interface=ar
am_cv_make_support_nested_variables=yes
am_cv_prog_cc_c_o=yes
lt_cv_ar_at_file=@
lt_cv_archive_cmds_need_lc=no
lt_cv_deplibs_check_method=pass_all
lt_cv_file_magic_cmd='$MAGIC_CMD'
lt_cv_file_magic_test_file=
lt_cv_ld_reload_flag=-r
lt_cv_nm_interface='BSD nm'
lt_cv_objdir=.libs
lt_cv_path_LD=/usr/bin/ld
lt_cv_path_NM='/usr/bin/nm -B'
lt_cv_path_mainfest_tool=no
lt_cv_prog_compiler_c_o=yes
lt_cv_prog_compiler_pic='-fPIC -DPIC'
lt_cv_prog_compiler_pic_works=yes
lt_cv_prog_compiler_rtti_exceptions=no
lt_cv_prog_compiler_static_works=yes
lt_cv_prog_gnu_ld=yes
lt_cv_sharedlib_from_linklib_cmd='printf %s\n'
lt_cv_shlibpath_overrides_runpath=yes
lt_cv_sys_global_symbol_pipe='sed -n -e '\''s/^.*[	 ]\([ABCDGIRSTW][ABCDGIRSTW]*\)[	 ][	 ]*\([_A-Za-z][_A-Za-z0-9]*\)$/\1 \2 \2/p'\'' | sed '\''/ __gnu_lto/d'\'''
lt_cv_sys_global_symbol_to_c_name_address='sed -n -e '\''s/^: \(.*\) .*$/  {"\1", (void *) 0},/p'\'' -e '\''s/^[ABCDGIRSTW][ABCDGIRSTW]* .* \(.*\)$/  {"\1", (void *) \&\1},/p'\'''
lt_cv_sys_global_symbol_to_c_name_address_lib_prefix='sed -n -e '\''s/^: \(.*\) .*$/  {"\1", (void *) 0},/p'\'' -e '\''s/^[ABCDGIRSTW][ABCDGIRSTW]* .* \(lib.*\)$/  {"\1", (void *) \&\1},/p'\'' -e '\''s/^[ABCDGIRSTW][ABCDGIRSTW]* .* \(.*\)$/  {"lib\1", (void *) \&\1},/p'\'''
lt_cv_sys_global_symbol_to_cdecl='sed -n -e '\''s/^T .* \(.*\)$/extern int \1();/p'\'' -e '\''s/^[ABCDGIRSTW][ABCDGIRSTW]* .* \(.*\)$/extern char \1;/p'\'''
lt_cv_sys_global_symbol_to_import=
lt_cv_sys_max_cmd_len=1572864
lt_cv_to_host_file_cmd=func_convert_file_noop
lt_cv_to_tool_file_cmd=func_convert_file_noop
lt_cv_truncate_bin='/bin/dd bs=4096 count=1'

## ----------------- ##
## Output variables. ##
## ----------------- ##

ACLOCAL='${SHELL} /home/harrison/config/cava/missing aclocal-1.15'
ALSA_FALSE='#'
ALSA_TRUE=''
AMDEPBACKSLASH='\'
AMDEP_FALSE='#'
AMDEP_TRUE=''
AMTAR='$${TAR-tar}'
AM_BACKSLASH='\'
AM_DEFAULT_V='$(AM_DEFAULT_VERBOSITY)'
AM_DEFAULT_VERBOSITY='1'
AM_V='$(V)'
AR='ar'
AUTOCONF='${SHELL} /home/harrison/config/cava/missing autoconf'
AUTOHEADER='${SHELL} /home/harrison/config/cava/missing autoheader'
AUTOMAKE='${SHELL} /home/harrison/config/cava/missing automake-1.15'
AWK='gawk'
CC='gcc'
CCDEPMODE='depmode=gcc3'
CFLAGS='-g -O2'
CPP='gcc -E'
CPPFLAGS=' -DNDEBUG -DHAVE_ALLOCA_H -DALSA -DPULSE -DPORTAUDIO -D_GNU_SOURCE -D_DEFAULT_SOURCE -I/usr/include/ncursesw -DNCURSES'
CURSES_CONFIG='/usr/bin/ncursesw5-config'
CYGPATH_W='echo'
DEFS='-DPACKAGE_NAME=\"cava\" -DPACKAGE_TARNAME=\"cava\" -DPACKAGE_VERSION=\"0.6.1\" -DPACKAGE_STRING=\"cava\ 0.6.1\" -DPACKAGE_BUGREPORT=\"karl@stavestrand.no\" -DPACKAGE_URL=\"\" -DPACKAGE=\"cava\" -DVERSION=\"0.6.1\" -DSTDC_HEADERS=1 -DHAVE_SYS_TYPES_H=1 -DHAVE_SYS_STAT_H=1 -DHAVE_STDLIB_H=1 -DHAVE_STRING_H=1 -DHAVE_MEMORY_H=1 -DHAVE_STRINGS_H=1 -DHAVE_INTTYPES_H=1 -DHAVE_STDINT_H=1 -DHAVE_UNISTD_H=1 -DHAVE_DLFCN_H=1 -DLT_OBJDIR=\".libs/\" -DHAVE_PTHREAD_H=1 -DHAVE_CURSES_H=1'
DEPDIR='.deps'
DLLTOOL='false'
DSYMUTIL=''
DUMPBIN=''
ECHO_C=''
ECHO_N='-n'
ECHO_T=''
EGREP='/bin/grep -E'
EXEEXT=''
FGREP='/bin/grep -F'
FONT_DIR='/usr/share/consolefonts'
GREP='/bin/grep'
INSTALL_DATA='${INSTALL} -m 644'
INSTALL_PROGRAM='${INSTALL}'
INSTALL_SCRIPT='${INSTALL}'
INSTALL_STRIP_PROGRAM='$(install_sh) -c -s'
LD='/usr/bin/ld -m elf_x86_64'
LDFLAGS=''
LIBOBJS=''
LIBS=' -lpthread -lasound -lpulse-simple -lpulse -lportaudio -lm -lfftw3 -lncursesw -ltinfo'
LIBTOOL='$(SHELL) $(top_builddir)/libtool'
LINUX_FALSE='#'
LINUX_TRUE=''
LIPO=''
LN_S='ln -s'
LTLIBOBJS=''
LT_SYS_LIBRARY_PATH=''
MAKEINFO='${SHELL} /home/harrison/config/cava/missing makeinfo'
MANIFEST_TOOL=':'
MKDIR_P='/bin/mkdir -p'
NCURSES_FALSE='#'
NCURSES_TRUE=''
NM='/usr/bin/nm -B'
NMEDIT=''
OBJDUMP='objdump'
OBJEXT='o'
OSX_FALSE=''
OSX_TRUE='#'
OTOOL64=''
OTOOL=''
PACKAGE='cava'
PACKAGE_BUGREPORT='karl@stavestrand.no'
PACKAGE_NAME='cava'
PACKAGE_STRING='cava 0.6.1'
PACKAGE_TARNAME='cava'
PACKAGE_URL=''
PACKAGE_VERSION='0.6.1'
PATH_SEPARATOR=':'
PORTAUDIO_FALSE='#'
PORTAUDIO_TRUE=''
PULSE_FALSE='#'
PULSE_TRUE=''
RANLIB='ranlib'
SED='/bin/sed'
SET_MAKE=''
SHELL='/bin/bash'
SNDIO_FALSE=''
SNDIO_TRUE='#'
STRIP='strip'
SYSTEM_LIBINIPARSER='0'
SYSTEM_LIBINIPARSER_FALSE=''
SYSTEM_LIBINIPARSER_TRUE='#'
VERSION='0.6.1'
ac_ct_AR='ar'
ac_ct_CC='gcc'
ac_ct_DUMPBIN=''
am__EXEEXT_FALSE=''
am__EXEEXT_TRUE='#'
am__fastdepCC_FALSE='#'
am__fastdepCC_TRUE=''
am__include='include'
am__isrc=''
am__leading_dot='.'
am__nodep='_no'
am__quote=''
am__tar='$${TAR-tar} chof - "$$tardir"'
am__untar='$${TAR-tar} xf -'
bindir='${exec_prefix}/bin'
build='x86_64-pc-linux-gnu'
build_alias=''
build_cpu='x86_64'
build_os='linux-gnu'
build_vendor='pc'
datadir='${datarootdir}'
datarootdir='${prefix}/share'
docdir='${datarootdir}/doc/${PACKAGE_TARNAME}'
dvidir='${docdir}'
exec_prefix='${prefix}'
host='x86_64-pc-linux-gnu'
host_alias=''
host_cpu='x86_64'
host_os='linux-gnu'
host_vendor='pc'
htmldir='${docdir}'
includedir='${prefix}/include'
infodir='${datarootdir}/info'
install_sh='${SHELL} /home/harrison/config/cava/install-sh'
libdir='${exec_prefix}/lib'
libexecdir='${exec_prefix}/libexec'
localedir='${datarootdir}/locale'
localstatedir='${prefix}/var'
mandir='${datarootdir}/man'
mkdir_p='$(MKDIR_P)'
oldincludedir='/usr/include'
pdfdir='${docdir}'
prefix='/usr/local'
program_transform_name='s,x,x,'
psdir='${docdir}'
runstatedir='${localstatedir}/run'
sbindir='${exec_prefix}/sbin'
sharedstatedir='${prefix}/com'
sysconfdir='${prefix}/etc'
target_alias=''

## ----------- ##
## confdefs.h. ##
## ----------- ##

/* confdefs.h */
#define PACKAGE_NAME "cava"
#define PACKAGE_TARNAME "cava"
#define PACKAGE_VERSION "0.6.1"
#define PACKAGE_STRING "cava 0.6.1"
#define PACKAGE_BUGREPORT "karl@stavestrand.no"
#define PACKAGE_URL ""
#define PACKAGE "cava"
#define VERSION "0.6.1"
#define STDC_HEADERS 1
#define HAVE_SYS_TYPES_H 1
#define HAVE_SYS_STAT_H 1
#define HAVE_STDLIB_H 1
#define HAVE_STRING_H 1
#define HAVE_MEMORY_H 1
#define HAVE_STRINGS_H 1
#define HAVE_INTTYPES_H 1
#define HAVE_STDINT_H 1
#define HAVE_UNISTD_H 1
#define HAVE_DLFCN_H 1
#define LT_OBJDIR ".libs/"
#define HAVE_PTHREAD_H 1
#define HAVE_CURSES_H 1

configure: exit 0
